<?xml version="1.0" encoding="UTF-8"?>
<!-- Generated by org.testng.reporters.JUnitXMLReporter -->
<testsuite ignored="0" hostname="Sirishas-MacBook-Pro.local" failures="0" tests="11" name="Surefire test" time="4.573" errors="0" timestamp="2024-11-28T19:59:12 EST">
  <testcase classname="ApiTest" name="testAllPosts" time="3.127"/>
  <testcase classname="ApiTest" name="testCreatePost" time="0.238"/>
  <testcase classname="ApiTest" name="testCreatePostWithValidData" time="0.124"/>
  <testcase classname="ApiTest" name="testGetAllPosts" time="0.143"/>
  <testcase classname="ApiTest" name="testGetPostsForNonExistentUser" time="0.116"/>
  <testcase classname="ApiTest" name="testGetRequest" time="0.11"/>
  <testcase classname="ApiTest" name="testGetRequestStatusAndResponseTime" time="0.095"/>
  <testcase classname="ApiTest" name="testJsonResponseStructure" time="0.096"/>
  <testcase classname="ApiTest" name="testPostRequest" time="0.164"/>
  <testcase classname="ApiTest" name="testUpdatePost" time="0.179"/>
  <testcase classname="ApiTest" name="testUpdatePostWithValidData" time="0.141"/>
</testsuite> <!-- Surefire test -->
