<?xml version="1.0" encoding="UTF-8"?>
<testsuite xmlns:xsi="http://www.w3.org/2001/XMLSchema-instance" xsi:noNamespaceSchemaLocation="https://maven.apache.org/surefire/maven-surefire-plugin/xsd/surefire-test-report-3.0.xsd" version="3.0" name="ApiTest" time="5.104" tests="11" errors="0" skipped="0" failures="0">
  <properties>
[...]
</properties>
  <testcase name="testAllPosts" classname="ApiTest" time="3.127"/>
  <testcase name="testCreatePost" classname="ApiTest" time="0.229"/>
  <testcase name="testCreatePostWithValidData" classname="ApiTest" time="0.125"/>
  <testcase name="testGetAllPosts" classname="ApiTest" time="0.143"/>
  <testcase name="testGetPostsForNonExistentUser" classname="ApiTest" time="0.116"/>
  <testcase name="testGetRequest" classname="ApiTest" time="0.11"/>
  <testcase name="testGetRequestStatusAndResponseTime" classname="ApiTest" time="0.095"/>
  <testcase name="testJsonResponseStructure" classname="ApiTest" time="0.096"/>
  <testcase name="testPostRequest" classname="ApiTest" time="0.165"/>
  <testcase name="testUpdatePost" classname="ApiTest" time="0.179"/>
  <testcase name="testUpdatePostWithValidData" classname="ApiTest" time="0.14"/>
</testsuite>