<?xml version="1.0" encoding="UTF-8"?>
<testng-results ignored="0" total="11" passed="11" failed="0" skipped="0">
  <reporter-output>
  </reporter-output>
  <suite started-at="2024-12-01T12:44:52 EST" name="Default suite" finished-at="2024-12-01T12:44:54 EST" duration-ms="2536">
    <groups>
    </groups>
    <test started-at="2024-12-01T12:44:52 EST" name="Default test" finished-at="2024-12-01T12:44:54 EST" duration-ms="2536">
      <class name="ApiTest">
        <test-method signature="testAllPosts()[pri:0, instance:ApiTest@3d74bf60]" started-at="2024-12-01T12:44:52 EST" name="testAllPosts" finished-at="2024-12-01T12:44:53 EST" duration-ms="1150" status="PASS">
          <reporter-output>
          </reporter-output>
        </test-method> <!-- testAllPosts -->
        <test-method signature="testCreatePost()[pri:0, instance:ApiTest@3d74bf60]" started-at="2024-12-01T12:44:53 EST" name="testCreatePost" finished-at="2024-12-01T12:44:53 EST" duration-ms="148" status="PASS">
          <reporter-output>
          </reporter-output>
        </test-method> <!-- testCreatePost -->
        <test-method signature="testCreatePostWithValidData()[pri:0, instance:ApiTest@3d74bf60]" started-at="2024-12-01T12:44:53 EST" name="testCreatePostWithValidData" finished-at="2024-12-01T12:44:53 EST" duration-ms="133" status="PASS">
          <reporter-output>
          </reporter-output>
        </test-method> <!-- testCreatePostWithValidData -->
        <test-method signature="testGetAllPosts()[pri:0, instance:ApiTest@3d74bf60]" started-at="2024-12-01T12:44:53 EST" name="testGetAllPosts" finished-at="2024-12-01T12:44:53 EST" duration-ms="241" status="PASS">
          <reporter-output>
          </reporter-output>
        </test-method> <!-- testGetAllPosts -->
        <test-method signature="testGetPostsForNonExistentUser()[pri:0, instance:ApiTest@3d74bf60]" started-at="2024-12-01T12:44:53 EST" name="testGetPostsForNonExistentUser" finished-at="2024-12-01T12:44:53 EST" duration-ms="112" status="PASS">
          <reporter-output>
          </reporter-output>
        </test-method> <!-- testGetPostsForNonExistentUser -->
        <test-method signature="testGetRequest()[pri:0, instance:ApiTest@3d74bf60]" started-at="2024-12-01T12:44:53 EST" name="testGetRequest" finished-at="2024-12-01T12:44:53 EST" duration-ms="93" status="PASS">
          <reporter-output>
          </reporter-output>
        </test-method> <!-- testGetRequest -->
        <test-method signature="testGetRequestStatusAndResponseTime()[pri:0, instance:ApiTest@3d74bf60]" started-at="2024-12-01T12:44:53 EST" name="testGetRequestStatusAndResponseTime" finished-at="2024-12-01T12:44:54 EST" duration-ms="97" status="PASS">
          <reporter-output>
          </reporter-output>
        </test-method> <!-- testGetRequestStatusAndResponseTime -->
        <test-method signature="testJsonResponseStructure()[pri:0, instance:ApiTest@3d74bf60]" started-at="2024-12-01T12:44:54 EST" name="testJsonResponseStructure" finished-at="2024-12-01T12:44:54 EST" duration-ms="108" status="PASS">
          <reporter-output>
          </reporter-output>
        </test-method> <!-- testJsonResponseStructure -->
        <test-method signature="testPostRequest()[pri:0, instance:ApiTest@3d74bf60]" started-at="2024-12-01T12:44:54 EST" name="testPostRequest" finished-at="2024-12-01T12:44:54 EST" duration-ms="118" status="PASS">
          <reporter-output>
          </reporter-output>
        </test-method> <!-- testPostRequest -->
        <test-method signature="testUpdatePost()[pri:0, instance:ApiTest@3d74bf60]" started-at="2024-12-01T12:44:54 EST" name="testUpdatePost" finished-at="2024-12-01T12:44:54 EST" duration-ms="179" status="PASS">
          <reporter-output>
          </reporter-output>
        </test-method> <!-- testUpdatePost -->
        <test-method signature="testUpdatePostWithValidData()[pri:0, instance:ApiTest@3d74bf60]" started-at="2024-12-01T12:44:54 EST" name="testUpdatePostWithValidData" finished-at="2024-12-01T12:44:54 EST" duration-ms="128" status="PASS">
          <reporter-output>
          </reporter-output>
        </test-method> <!-- testUpdatePostWithValidData -->
      </class> <!-- ApiTest -->
    </test> <!-- Default test -->
  </suite> <!-- Default suite -->
</testng-results>
